android/app/build/intermediates/manifest_merge_blame_file/debug/processDebugMainManifest/manifest-merger-blame-debug-report.txt
1<?xml version="1.0" encoding="utf-8"?>
2<manifest xmlns:android="http://schemas.android.com/apk/res/android"
3    package="com.mangrove"
4    android:versionCode="4"
5    android:versionName="2.0" >
6
7    <uses-sdk
8        android:minSdkVersion="23"
9        android:targetSdkVersion="34" />
10
11    <uses-permission android:name="android.permission.INTERNET" />
11-->src\main\AndroidManifest.xml:5:5-67
11-->src\main\AndroidManifest.xml:5:22-64
12    <uses-permission android:name="android.permission.ACCESS_FINE_LOCATION" />
12-->src\main\AndroidManifest.xml:6:5-79
12-->src\main\AndroidManifest.xml:6:22-76
13    <uses-permission android:name="android.permission.ACCESS_COARSE_LOCATION" />
13-->src\main\AndroidManifest.xml:7:5-81
13-->src\main\AndroidManifest.xml:7:22-78
14    <uses-permission android:name="android.permission.ACCESS_NETWORK_STATE" />
14-->src\main\AndroidManifest.xml:8:5-79
14-->src\main\AndroidManifest.xml:8:22-76
15    <uses-permission android:name="android.permission.USE_BIOMETRIC" />
15-->src\main\AndroidManifest.xml:9:5-72
15-->src\main\AndroidManifest.xml:9:22-69
16    <uses-permission android:name="android.permission.USE_BIOMETRIC" />
16-->src\main\AndroidManifest.xml:9:5-72
16-->src\main\AndroidManifest.xml:9:22-69
17    <uses-permission android:name="android.permission.USE_FINGERPRINT" />
17-->src\main\AndroidManifest.xml:11:5-74
17-->src\main\AndroidManifest.xml:11:22-71
18    <uses-permission android:name="android.permission.WRITE_EXTERNAL_STORAGE" />
18-->src\main\AndroidManifest.xml:12:5-81
18-->src\main\AndroidManifest.xml:12:22-78
19    <uses-permission android:name="android.permission.READ_EXTERNAL_STORAGE" />
19-->src\main\AndroidManifest.xml:13:5-80
19-->src\main\AndroidManifest.xml:13:22-77
20    <uses-permission android:name="android.permission.MANAGE_EXTERNAL_STORAGE" />
20-->src\main\AndroidManifest.xml:14:5-81
20-->src\main\AndroidManifest.xml:14:22-79
21    <uses-permission android:name="android.permission.ACCESS_WIFI_STATE" />
21-->[:react-native-community_netinfo] AndroidManifest.xml:8:5-76
21-->[:react-native-community_netinfo] AndroidManifest.xml:8:22-73
22    <uses-permission android:name="android.permission.RECORD_AUDIO" /> <!-- Required to access Google Play Licensing -->
22-->[:react-native-audio-recorder-player] AndroidManifest.xml:7:5-71
22-->[:react-native-audio-recorder-player] AndroidManifest.xml:7:22-68
23    <uses-permission android:name="com.android.vending.CHECK_LICENSE" />
23-->[:rn-fetch-blob] AndroidManifest.xml:8:5-73
23-->[:rn-fetch-blob] AndroidManifest.xml:8:22-70
24    <!--
25         Required to keep CPU alive while downloading files
26        (NOT to keep screen awake)
27    -->
28    <uses-permission android:name="android.permission.WAKE_LOCK" />
28-->[:rn-fetch-blob] AndroidManifest.xml:17:5-68
28-->[:rn-fetch-blob] AndroidManifest.xml:17:22-65
29    <!--
30    This manifest file is used only by Gradle to configure debug-only capabilities
31    for React Native Apps.
32    -->
33    <uses-permission android:name="android.permission.SYSTEM_ALERT_WINDOW" />
33-->[com.facebook.react:react-android:0.74.3] AndroidManifest.xml:16:5-78
33-->[com.facebook.react:react-android:0.74.3] AndroidManifest.xml:16:22-75
34
35    <uses-feature
35-->[com.google.android.gms:play-services-maps:18.2.0] AndroidManifest.xml:26:5-28:35
36        android:glEsVersion="0x00020000"
36-->[com.google.android.gms:play-services-maps:18.2.0] AndroidManifest.xml:27:9-41
37        android:required="true" />
37-->[com.google.android.gms:play-services-maps:18.2.0] AndroidManifest.xml:28:9-32
38
39    <queries>
39-->[com.google.android.gms:play-services-maps:18.2.0] AndroidManifest.xml:30:5-34:15
40
41        <!-- Needs to be explicitly declared on Android R+ -->
42        <package android:name="com.google.android.apps.maps" />
42-->[com.google.android.gms:play-services-maps:18.2.0] AndroidManifest.xml:33:9-64
42-->[com.google.android.gms:play-services-maps:18.2.0] AndroidManifest.xml:33:18-61
43    </queries>
44
45    <uses-permission android:name="android.permission.RECEIVE_BOOT_COMPLETED" />
45-->[androidx.work:work-runtime:2.7.1] AndroidManifest.xml:27:5-81
45-->[androidx.work:work-runtime:2.7.1] AndroidManifest.xml:27:22-78
46    <uses-permission android:name="android.permission.FOREGROUND_SERVICE" />
46-->[androidx.work:work-runtime:2.7.1] AndroidManifest.xml:28:5-77
46-->[androidx.work:work-runtime:2.7.1] AndroidManifest.xml:28:22-74
47
48    <permission
48-->[androidx.core:core:1.9.0] AndroidManifest.xml:22:5-24:47
49        android:name="com.mangrove.DYNAMIC_RECEIVER_NOT_EXPORTED_PERMISSION"
49-->[androidx.core:core:1.9.0] AndroidManifest.xml:23:9-81
50        android:protectionLevel="signature" />
50-->[androidx.core:core:1.9.0] AndroidManifest.xml:24:9-44
51
52    <uses-permission android:name="com.mangrove.DYNAMIC_RECEIVER_NOT_EXPORTED_PERMISSION" />
52-->[androidx.core:core:1.9.0] AndroidManifest.xml:26:5-97
52-->[androidx.core:core:1.9.0] AndroidManifest.xml:26:22-94
53
54    <application
54-->src\main\AndroidManifest.xml:20:5-46:19
55        android:name="com.mangrove.MainApplication"
55-->src\main\AndroidManifest.xml:21:7-38
56        android:allowBackup="false"
56-->src\main\AndroidManifest.xml:25:7-34
57        android:appComponentFactory="androidx.core.app.CoreComponentFactory"
57-->[androidx.core:core:1.9.0] AndroidManifest.xml:28:18-86
58        android:debuggable="true"
59        android:extractNativeLibs="false"
60        android:icon="@mipmap/ic_launcher"
60-->src\main\AndroidManifest.xml:23:7-41
61        android:label="@string/app_name"
61-->src\main\AndroidManifest.xml:22:7-39
62        android:requestLegacyExternalStorage="true"
62-->src\main\AndroidManifest.xml:28:7-50
63        android:roundIcon="@mipmap/ic_launcher_round"
63-->src\main\AndroidManifest.xml:24:7-52
64        android:theme="@style/AppTheme"
64-->src\main\AndroidManifest.xml:26:7-38
65        android:usesCleartextTraffic="true" >
65-->src\main\AndroidManifest.xml:27:7-42
66        <meta-data
66-->src\main\AndroidManifest.xml:30:7-32:64
67            android:name="com.google.android.geo.API_KEY"
67-->src\main\AndroidManifest.xml:31:7-52
68            android:value="AIzaSyAr48MOk2NoGYa7cjS0WTdQT2o36z4PDHQ" />
68-->src\main\AndroidManifest.xml:32:7-62
69
70        <activity
70-->src\main\AndroidManifest.xml:34:7-45:18
71            android:name="com.mangrove.MainActivity"
71-->src\main\AndroidManifest.xml:35:9-37
72            android:configChanges="keyboard|keyboardHidden|orientation|screenLayout|screenSize|smallestScreenSize|uiMode"
72-->src\main\AndroidManifest.xml:37:9-118
73            android:exported="true"
73-->src\main\AndroidManifest.xml:40:9-32
74            android:label="@string/app_name"
74-->src\main\AndroidManifest.xml:36:9-41
75            android:launchMode="singleTask"
75-->src\main\AndroidManifest.xml:38:9-40
76            android:windowSoftInputMode="adjustResize" >
76-->src\main\AndroidManifest.xml:39:9-51
77            <intent-filter>
77-->src\main\AndroidManifest.xml:41:9-44:25
78                <action android:name="android.intent.action.MAIN" />
78-->src\main\AndroidManifest.xml:42:13-65
78-->src\main\AndroidManifest.xml:42:21-62
79
80                <category android:name="android.intent.category.LAUNCHER" />
80-->src\main\AndroidManifest.xml:43:13-73
80-->src\main\AndroidManifest.xml:43:23-70
81            </intent-filter>
82        </activity>
83
84        <provider
84-->[:react-native-image-picker] AndroidManifest.xml:8:9-16:20
85            android:name="com.imagepicker.ImagePickerProvider"
85-->[:react-native-image-picker] AndroidManifest.xml:9:13-63
86            android:authorities="com.mangrove.imagepickerprovider"
86-->[:react-native-image-picker] AndroidManifest.xml:10:13-71
87            android:exported="false"
87-->[:react-native-image-picker] AndroidManifest.xml:11:13-37
88            android:grantUriPermissions="true" >
88-->[:react-native-image-picker] AndroidManifest.xml:12:13-47
89            <meta-data
89-->[:react-native-image-picker] AndroidManifest.xml:13:13-15:70
90                android:name="android.support.FILE_PROVIDER_PATHS"
90-->[:react-native-image-picker] AndroidManifest.xml:14:17-67
91                android:resource="@xml/imagepicker_provider_paths" />
91-->[:react-native-image-picker] AndroidManifest.xml:15:17-67
92        </provider>
93        <provider
93-->[:rn-fetch-blob] AndroidManifest.xml:32:9-40:20
94            android:name="com.RNFetchBlob.Utils.FileProvider"
94-->[:rn-fetch-blob] AndroidManifest.xml:33:13-62
95            android:authorities="com.mangrove.provider"
95-->[:rn-fetch-blob] AndroidManifest.xml:34:13-60
96            android:exported="false"
96-->[:rn-fetch-blob] AndroidManifest.xml:35:13-37
97            android:grantUriPermissions="true" >
97-->[:rn-fetch-blob] AndroidManifest.xml:36:13-47
98            <meta-data
98-->[:react-native-image-picker] AndroidManifest.xml:13:13-15:70
99                android:name="android.support.FILE_PROVIDER_PATHS"
99-->[:react-native-image-picker] AndroidManifest.xml:14:17-67
100                android:resource="@xml/provider_paths" />
100-->[:react-native-image-picker] AndroidManifest.xml:15:17-67
101        </provider>
102
103        <activity
103-->[com.facebook.react:react-android:0.74.3] AndroidManifest.xml:19:9-21:40
104            android:name="com.facebook.react.devsupport.DevSettingsActivity"
104-->[com.facebook.react:react-android:0.74.3] AndroidManifest.xml:20:13-77
105            android:exported="false" />
105-->[com.facebook.react:react-android:0.74.3] AndroidManifest.xml:21:13-37
106
107        <meta-data
107-->[com.github.bumptech.glide:okhttp3-integration:4.12.0] AndroidManifest.xml:11:9-13:43
108            android:name="com.bumptech.glide.integration.okhttp3.OkHttpGlideModule"
108-->[com.github.bumptech.glide:okhttp3-integration:4.12.0] AndroidManifest.xml:12:13-84
109            android:value="GlideModule" />
109-->[com.github.bumptech.glide:okhttp3-integration:4.12.0] AndroidManifest.xml:13:13-40
110
111        <activity
111-->[com.google.android.gms:play-services-auth:21.0.0] AndroidManifest.xml:23:9-27:75
112            android:name="com.google.android.gms.auth.api.signin.internal.SignInHubActivity"
112-->[com.google.android.gms:play-services-auth:21.0.0] AndroidManifest.xml:24:13-93
113            android:excludeFromRecents="true"
113-->[com.google.android.gms:play-services-auth:21.0.0] AndroidManifest.xml:25:13-46
114            android:exported="false"
114-->[com.google.android.gms:play-services-auth:21.0.0] AndroidManifest.xml:26:13-37
115            android:theme="@android:style/Theme.Translucent.NoTitleBar" />
115-->[com.google.android.gms:play-services-auth:21.0.0] AndroidManifest.xml:27:13-72
116        <!--
117            Service handling Google Sign-In user revocation. For apps that do not integrate with
118            Google Sign-In, this service will never be started.
119        -->
120        <service
120-->[com.google.android.gms:play-services-auth:21.0.0] AndroidManifest.xml:33:9-37:51
121            android:name="com.google.android.gms.auth.api.signin.RevocationBoundService"
121-->[com.google.android.gms:play-services-auth:21.0.0] AndroidManifest.xml:34:13-89
122            android:exported="true"
122-->[com.google.android.gms:play-services-auth:21.0.0] AndroidManifest.xml:35:13-36
123            android:permission="com.google.android.gms.auth.api.signin.permission.REVOCATION_NOTIFICATION"
123-->[com.google.android.gms:play-services-auth:21.0.0] AndroidManifest.xml:36:13-107
124            android:visibleToInstantApps="true" />
124-->[com.google.android.gms:play-services-auth:21.0.0] AndroidManifest.xml:37:13-48
125
126        <meta-data
126-->[com.google.maps.android:android-maps-utils:3.8.2] AndroidManifest.xml:8:9-10:69
127            android:name="com.google.android.gms.version"
127-->[com.google.maps.android:android-maps-utils:3.8.2] AndroidManifest.xml:9:13-58
128            android:value="@integer/google_play_services_version" /> <!-- Needs to be explicitly declared on P+ -->
128-->[com.google.maps.android:android-maps-utils:3.8.2] AndroidManifest.xml:10:13-66
129        <uses-library
129-->[com.google.android.gms:play-services-maps:18.2.0] AndroidManifest.xml:39:9-41:40
130            android:name="org.apache.http.legacy"
130-->[com.google.android.gms:play-services-maps:18.2.0] AndroidManifest.xml:40:13-50
131            android:required="false" />
131-->[com.google.android.gms:play-services-maps:18.2.0] AndroidManifest.xml:41:13-37
132
133        <activity
133-->[com.google.android.gms:play-services-base:18.2.0] AndroidManifest.xml:20:9-22:45
134            android:name="com.google.android.gms.common.api.GoogleApiActivity"
134-->[com.google.android.gms:play-services-base:18.2.0] AndroidManifest.xml:20:19-85
135            android:exported="false"
135-->[com.google.android.gms:play-services-base:18.2.0] AndroidManifest.xml:22:19-43
136            android:theme="@android:style/Theme.Translucent.NoTitleBar" />
136-->[com.google.android.gms:play-services-base:18.2.0] AndroidManifest.xml:21:19-78
137
138        <provider
138-->[androidx.work:work-runtime:2.7.1] AndroidManifest.xml:31:9-39:20
139            android:name="androidx.startup.InitializationProvider"
139-->[androidx.work:work-runtime:2.7.1] AndroidManifest.xml:32:13-67
140            android:authorities="com.mangrove.androidx-startup"
140-->[androidx.work:work-runtime:2.7.1] AndroidManifest.xml:33:13-68
141            android:exported="false" >
141-->[androidx.work:work-runtime:2.7.1] AndroidManifest.xml:34:13-37
142            <meta-data
142-->[androidx.work:work-runtime:2.7.1] AndroidManifest.xml:36:13-38:52
143                android:name="androidx.work.WorkManagerInitializer"
143-->[androidx.work:work-runtime:2.7.1] AndroidManifest.xml:37:17-68
144                android:value="androidx.startup" />
144-->[androidx.work:work-runtime:2.7.1] AndroidManifest.xml:38:17-49
145            <meta-data
145-->[androidx.emoji2:emoji2:1.2.0] AndroidManifest.xml:29:13-31:52
146                android:name="androidx.emoji2.text.EmojiCompatInitializer"
146-->[androidx.emoji2:emoji2:1.2.0] AndroidManifest.xml:30:17-75
147                android:value="androidx.startup" />
147-->[androidx.emoji2:emoji2:1.2.0] AndroidManifest.xml:31:17-49
148            <meta-data
148-->[androidx.lifecycle:lifecycle-process:2.4.1] AndroidManifest.xml:31:13-33:52
149                android:name="androidx.lifecycle.ProcessLifecycleInitializer"
149-->[androidx.lifecycle:lifecycle-process:2.4.1] AndroidManifest.xml:32:17-78
150                android:value="androidx.startup" />
150-->[androidx.lifecycle:lifecycle-process:2.4.1] AndroidManifest.xml:33:17-49
151        </provider>
152
153        <service
153-->[androidx.work:work-runtime:2.7.1] AndroidManifest.xml:41:9-46:35
154            android:name="androidx.work.impl.background.systemalarm.SystemAlarmService"
154-->[androidx.work:work-runtime:2.7.1] AndroidManifest.xml:42:13-88
155            android:directBootAware="false"
155-->[androidx.work:work-runtime:2.7.1] AndroidManifest.xml:43:13-44
156            android:enabled="@bool/enable_system_alarm_service_default"
156-->[androidx.work:work-runtime:2.7.1] AndroidManifest.xml:44:13-72
157            android:exported="false" />
157-->[androidx.work:work-runtime:2.7.1] AndroidManifest.xml:45:13-37
158        <service
158-->[androidx.work:work-runtime:2.7.1] AndroidManifest.xml:47:9-53:35
159            android:name="androidx.work.impl.background.systemjob.SystemJobService"
159-->[androidx.work:work-runtime:2.7.1] AndroidManifest.xml:48:13-84
160            android:directBootAware="false"
160-->[androidx.work:work-runtime:2.7.1] AndroidManifest.xml:49:13-44
161            android:enabled="@bool/enable_system_job_service_default"
161-->[androidx.work:work-runtime:2.7.1] AndroidManifest.xml:50:13-70
162            android:exported="true"
162-->[androidx.work:work-runtime:2.7.1] AndroidManifest.xml:51:13-36
163            android:permission="android.permission.BIND_JOB_SERVICE" />
163-->[androidx.work:work-runtime:2.7.1] AndroidManifest.xml:52:13-69
164        <service
164-->[androidx.work:work-runtime:2.7.1] AndroidManifest.xml:54:9-59:35
165            android:name="androidx.work.impl.foreground.SystemForegroundService"
165-->[androidx.work:work-runtime:2.7.1] AndroidManifest.xml:55:13-81
166            android:directBootAware="false"
166-->[androidx.work:work-runtime:2.7.1] AndroidManifest.xml:56:13-44
167            android:enabled="@bool/enable_system_foreground_service_default"
167-->[androidx.work:work-runtime:2.7.1] AndroidManifest.xml:57:13-77
168            android:exported="false" />
168-->[androidx.work:work-runtime:2.7.1] AndroidManifest.xml:58:13-37
169
170        <receiver
170-->[androidx.work:work-runtime:2.7.1] AndroidManifest.xml:61:9-66:35
171            android:name="androidx.work.impl.utils.ForceStopRunnable$BroadcastReceiver"
171-->[androidx.work:work-runtime:2.7.1] AndroidManifest.xml:62:13-88
172            android:directBootAware="false"
172-->[androidx.work:work-runtime:2.7.1] AndroidManifest.xml:63:13-44
173            android:enabled="true"
173-->[androidx.work:work-runtime:2.7.1] AndroidManifest.xml:64:13-35
174            android:exported="false" />
174-->[androidx.work:work-runtime:2.7.1] AndroidManifest.xml:65:13-37
175        <receiver
175-->[androidx.work:work-runtime:2.7.1] AndroidManifest.xml:67:9-77:20
176            android:name="androidx.work.impl.background.systemalarm.ConstraintProxy$BatteryChargingProxy"
176-->[androidx.work:work-runtime:2.7.1] AndroidManifest.xml:68:13-106
177            android:directBootAware="false"
177-->[androidx.work:work-runtime:2.7.1] AndroidManifest.xml:69:13-44
178            android:enabled="false"
178-->[androidx.work:work-runtime:2.7.1] AndroidManifest.xml:70:13-36
179            android:exported="false" >
179-->[androidx.work:work-runtime:2.7.1] AndroidManifest.xml:71:13-37
180            <intent-filter>
180-->[androidx.work:work-runtime:2.7.1] AndroidManifest.xml:73:13-76:29
181                <action android:name="android.intent.action.ACTION_POWER_CONNECTED" />
181-->[androidx.work:work-runtime:2.7.1] AndroidManifest.xml:74:17-87
181-->[androidx.work:work-runtime:2.7.1] AndroidManifest.xml:74:25-84
182                <action android:name="android.intent.action.ACTION_POWER_DISCONNECTED" />
182-->[androidx.work:work-runtime:2.7.1] AndroidManifest.xml:75:17-90
182-->[androidx.work:work-runtime:2.7.1] AndroidManifest.xml:75:25-87
183            </intent-filter>
184        </receiver>
185        <receiver
185-->[androidx.work:work-runtime:2.7.1] AndroidManifest.xml:78:9-88:20
186            android:name="androidx.work.impl.background.systemalarm.ConstraintProxy$BatteryNotLowProxy"
186-->[androidx.work:work-runtime:2.7.1] AndroidManifest.xml:79:13-104
187            android:directBootAware="false"
187-->[androidx.work:work-runtime:2.7.1] AndroidManifest.xml:80:13-44
188            android:enabled="false"
188-->[androidx.work:work-runtime:2.7.1] AndroidManifest.xml:81:13-36
189            android:exported="false" >
189-->[androidx.work:work-runtime:2.7.1] AndroidManifest.xml:82:13-37
190            <intent-filter>
190-->[androidx.work:work-runtime:2.7.1] AndroidManifest.xml:84:13-87:29
191                <action android:name="android.intent.action.BATTERY_OKAY" />
191-->[androidx.work:work-runtime:2.7.1] AndroidManifest.xml:85:17-77
191-->[androidx.work:work-runtime:2.7.1] AndroidManifest.xml:85:25-74
192                <action android:name="android.intent.action.BATTERY_LOW" />
192-->[androidx.work:work-runtime:2.7.1] AndroidManifest.xml:86:17-76
192-->[androidx.work:work-runtime:2.7.1] AndroidManifest.xml:86:25-73
193            </intent-filter>
194        </receiver>
195        <receiver
195-->[androidx.work:work-runtime:2.7.1] AndroidManifest.xml:89:9-99:20
196            android:name="androidx.work.impl.background.systemalarm.ConstraintProxy$StorageNotLowProxy"
196-->[androidx.work:work-runtime:2.7.1] AndroidManifest.xml:90:13-104
197            android:directBootAware="false"
197-->[androidx.work:work-runtime:2.7.1] AndroidManifest.xml:91:13-44
198            android:enabled="false"
198-->[androidx.work:work-runtime:2.7.1] AndroidManifest.xml:92:13-36
199            android:exported="false" >
199-->[androidx.work:work-runtime:2.7.1] AndroidManifest.xml:93:13-37
200            <intent-filter>
200-->[androidx.work:work-runtime:2.7.1] AndroidManifest.xml:95:13-98:29
201                <action android:name="android.intent.action.DEVICE_STORAGE_LOW" />
201-->[androidx.work:work-runtime:2.7.1] AndroidManifest.xml:96:17-83
201-->[androidx.work:work-runtime:2.7.1] AndroidManifest.xml:96:25-80
202                <action android:name="android.intent.action.DEVICE_STORAGE_OK" />
202-->[androidx.work:work-runtime:2.7.1] AndroidManifest.xml:97:17-82
202-->[androidx.work:work-runtime:2.7.1] AndroidManifest.xml:97:25-79
203            </intent-filter>
204        </receiver>
205        <receiver
205-->[androidx.work:work-runtime:2.7.1] AndroidManifest.xml:100:9-109:20
206            android:name="androidx.work.impl.background.systemalarm.ConstraintProxy$NetworkStateProxy"
206-->[androidx.work:work-runtime:2.7.1] AndroidManifest.xml:101:13-103
207            android:directBootAware="false"
207-->[androidx.work:work-runtime:2.7.1] AndroidManifest.xml:102:13-44
208            android:enabled="false"
208-->[androidx.work:work-runtime:2.7.1] AndroidManifest.xml:103:13-36
209            android:exported="false" >
209-->[androidx.work:work-runtime:2.7.1] AndroidManifest.xml:104:13-37
210            <intent-filter>
210-->[androidx.work:work-runtime:2.7.1] AndroidManifest.xml:106:13-108:29
211                <action android:name="android.net.conn.CONNECTIVITY_CHANGE" />
211-->[androidx.work:work-runtime:2.7.1] AndroidManifest.xml:107:17-79
211-->[androidx.work:work-runtime:2.7.1] AndroidManifest.xml:107:25-76
212            </intent-filter>
213        </receiver>
214        <receiver
214-->[androidx.work:work-runtime:2.7.1] AndroidManifest.xml:110:9-121:20
215            android:name="androidx.work.impl.background.systemalarm.RescheduleReceiver"
215-->[androidx.work:work-runtime:2.7.1] AndroidManifest.xml:111:13-88
216            android:directBootAware="false"
216-->[androidx.work:work-runtime:2.7.1] AndroidManifest.xml:112:13-44
217            android:enabled="false"
217-->[androidx.work:work-runtime:2.7.1] AndroidManifest.xml:113:13-36
218            android:exported="false" >
218-->[androidx.work:work-runtime:2.7.1] AndroidManifest.xml:114:13-37
219            <intent-filter>
219-->[androidx.work:work-runtime:2.7.1] AndroidManifest.xml:116:13-120:29
220                <action android:name="android.intent.action.BOOT_COMPLETED" />
220-->[androidx.work:work-runtime:2.7.1] AndroidManifest.xml:117:17-79
220-->[androidx.work:work-runtime:2.7.1] AndroidManifest.xml:117:25-76
221                <action android:name="android.intent.action.TIME_SET" />
221-->[androidx.work:work-runtime:2.7.1] AndroidManifest.xml:118:17-73
221-->[androidx.work:work-runtime:2.7.1] AndroidManifest.xml:118:25-70
222                <action android:name="android.intent.action.TIMEZONE_CHANGED" />
222-->[androidx.work:work-runtime:2.7.1] AndroidManifest.xml:119:17-81
222-->[androidx.work:work-runtime:2.7.1] AndroidManifest.xml:119:25-78
223            </intent-filter>
224        </receiver>
225        <receiver
225-->[androidx.work:work-runtime:2.7.1] AndroidManifest.xml:122:9-131:20
226            android:name="androidx.work.impl.background.systemalarm.ConstraintProxyUpdateReceiver"
226-->[androidx.work:work-runtime:2.7.1] AndroidManifest.xml:123:13-99
227            android:directBootAware="false"
227-->[androidx.work:work-runtime:2.7.1] AndroidManifest.xml:124:13-44
228            android:enabled="@bool/enable_system_alarm_service_default"
228-->[androidx.work:work-runtime:2.7.1] AndroidManifest.xml:125:13-72
229            android:exported="false" >
229-->[androidx.work:work-runtime:2.7.1] AndroidManifest.xml:126:13-37
230            <intent-filter>
230-->[androidx.work:work-runtime:2.7.1] AndroidManifest.xml:128:13-130:29
231                <action android:name="androidx.work.impl.background.systemalarm.UpdateProxies" />
231-->[androidx.work:work-runtime:2.7.1] AndroidManifest.xml:129:17-98
231-->[androidx.work:work-runtime:2.7.1] AndroidManifest.xml:129:25-95
232            </intent-filter>
233        </receiver>
234        <receiver
234-->[androidx.work:work-runtime:2.7.1] AndroidManifest.xml:132:9-142:20
235            android:name="androidx.work.impl.diagnostics.DiagnosticsReceiver"
235-->[androidx.work:work-runtime:2.7.1] AndroidManifest.xml:133:13-78
236            android:directBootAware="false"
236-->[androidx.work:work-runtime:2.7.1] AndroidManifest.xml:134:13-44
237            android:enabled="true"
237-->[androidx.work:work-runtime:2.7.1] AndroidManifest.xml:135:13-35
238            android:exported="true"
238-->[androidx.work:work-runtime:2.7.1] AndroidManifest.xml:136:13-36
239            android:permission="android.permission.DUMP" >
239-->[androidx.work:work-runtime:2.7.1] AndroidManifest.xml:137:13-57
240            <intent-filter>
240-->[androidx.work:work-runtime:2.7.1] AndroidManifest.xml:139:13-141:29
241                <action android:name="androidx.work.diagnostics.REQUEST_DIAGNOSTICS" />
241-->[androidx.work:work-runtime:2.7.1] AndroidManifest.xml:140:17-88
241-->[androidx.work:work-runtime:2.7.1] AndroidManifest.xml:140:25-85
242            </intent-filter>
243        </receiver>
244
245        <service
245-->[androidx.room:room-runtime:2.2.5] AndroidManifest.xml:25:9-28:40
246            android:name="androidx.room.MultiInstanceInvalidationService"
246-->[androidx.room:room-runtime:2.2.5] AndroidManifest.xml:26:13-74
247            android:directBootAware="true"
247-->[androidx.room:room-runtime:2.2.5] AndroidManifest.xml:27:13-43
248            android:exported="false" />
248-->[androidx.room:room-runtime:2.2.5] AndroidManifest.xml:28:13-37
249
250        <meta-data
250-->[com.facebook.soloader:soloader:0.10.5] AndroidManifest.xml:12:9-14:37
251            android:name="com.facebook.soloader.enabled"
251-->[com.facebook.soloader:soloader:0.10.5] AndroidManifest.xml:13:13-57
252            android:value="false" />
252-->[com.facebook.soloader:soloader:0.10.5] AndroidManifest.xml:14:13-34
253    </application>
254
255</manifest>